<?xml version="1.0" encoding="UTF-8"?>
<!-- Generated by org.testng.reporters.JUnitReportReporter -->
<testsuite hostname="LAPTOP-MD003UJQ" failures="0" tests="1" name="com.practice.runner.Runner" time="7.510" errors="0" timestamp="2022-12-23T11:09:33 IST" skipped="0">
  <testcase classname="com.practice.runner.Runner" name="runScenario" time="7.510"/>
  <system-out/>
</testsuite> <!-- com.practice.runner.Runner -->
