<?xml version="1.0" encoding="UTF-8"?>
<!-- Generated by org.testng.reporters.JUnitReportReporter -->
<testsuite hostname="LAPTOP-MD003UJQ" failures="0" tests="1" name="com.practice.runner.TestNGRunner" time="7.706" errors="0" timestamp="2022-12-23T12:40:38 IST" skipped="0">
  <testcase classname="com.practice.runner.TestNGRunner" name="runScenario" time="7.706"/>
  <system-out/>
</testsuite> <!-- com.practice.runner.TestNGRunner -->
